<?xml version="1.0" encoding="UTF-8"?>
<!-- Generated by org.testng.reporters.JUnitReportReporter -->
<testsuite skipped="0" hostname="DESKTOP-MD2112N" name="testcases.StartShoppingPageTest" tests="2" failures="0" timestamp="2021-12-23T10:28:34 AEDT" time="18.211" errors="0">
  <testcase name="startShoppingPage" time="6.684" classname="testcases.StartShoppingPageTest"/>
  <testcase name="startShoppingPage" time="11.527" classname="testcases.StartShoppingPageTest"/>
</testsuite> <!-- testcases.StartShoppingPageTest -->
