<?xml version="1.0" encoding="UTF-8"?>
<!-- Generated by org.testng.reporters.JUnitReportReporter -->
<testsuite skipped="5" hostname="DESKTOP-MD2112N" name="testcases.ContactPageTest" tests="5" failures="0" timestamp="2021-12-23T10:28:34 AEDT" time="0.042" errors="0">
  <testcase name="contactPage" time="0.006" classname="testcases.ContactPageTest">
    <skipped/>
  </testcase> <!-- contactPage -->
  <testcase name="contactPage" time="0.026" classname="testcases.ContactPageTest">
    <skipped/>
  </testcase> <!-- contactPage -->
  <testcase name="contactPage" time="0.004" classname="testcases.ContactPageTest">
    <skipped/>
  </testcase> <!-- contactPage -->
  <testcase name="contactPage" time="0.003" classname="testcases.ContactPageTest">
    <skipped/>
  </testcase> <!-- contactPage -->
  <testcase name="contactPage" time="0.003" classname="testcases.ContactPageTest">
    <skipped/>
  </testcase> <!-- contactPage -->
</testsuite> <!-- testcases.ContactPageTest -->
