<?xml version="1.0" encoding="UTF-8"?>
<!-- Generated by org.testng.reporters.JUnitReportReporter -->
<testsuite skipped="2" hostname="DESKTOP-MD2112N" name="testcases.ShopPageTest" tests="2" failures="0" timestamp="2021-12-23T10:28:34 AEDT" time="0.005" errors="0">
  <testcase name="shopPage" time="0.003" classname="testcases.ShopPageTest">
    <skipped/>
  </testcase> <!-- shopPage -->
  <testcase name="shopPage" time="0.002" classname="testcases.ShopPageTest">
    <skipped/>
  </testcase> <!-- shopPage -->
</testsuite> <!-- testcases.ShopPageTest -->
