<?xml version="1.0" encoding="UTF-8"?>
<!-- Generated by org.testng.reporters.JUnitReportReporter -->
<testsuite skipped="0" hostname="DESKTOP-MD2112N" name="testcases.ShopPageTest" tests="2" failures="0" timestamp="2021-12-23T11:02:08 AEDT" time="14.101" errors="0">
  <testcase name="shopPage" time="9.127" classname="testcases.ShopPageTest"/>
  <testcase name="shopPage" time="4.974" classname="testcases.ShopPageTest"/>
</testsuite> <!-- testcases.ShopPageTest -->
