<?xml version="1.0" encoding="UTF-8"?>
<!-- Generated by org.testng.reporters.JUnitReportReporter -->
<testsuite skipped="0" hostname="DESKTOP-MD2112N" name="testcases.ContactPageTest" tests="5" failures="0" timestamp="2021-12-23T11:02:08 AEDT" time="50.227" errors="0">
  <testcase name="contactPage" time="9.271" classname="testcases.ContactPageTest"/>
  <testcase name="contactPage" time="10.599" classname="testcases.ContactPageTest"/>
  <testcase name="contactPage" time="11.938" classname="testcases.ContactPageTest"/>
  <testcase name="contactPage" time="7.980" classname="testcases.ContactPageTest"/>
  <testcase name="contactPage" time="10.439" classname="testcases.ContactPageTest"/>
</testsuite> <!-- testcases.ContactPageTest -->
