<?xml version="1.0" encoding="UTF-8"?>
<!-- Generated by org.testng.reporters.JUnitReportReporter -->
<testsuite skipped="0" hostname="DESKTOP-MD2112N" name="testcases.StartShoppingPageTest" tests="2" failures="0" timestamp="2021-12-23T11:02:08 AEDT" time="17.118" errors="0">
  <testcase name="startShoppingPage" time="5.706" classname="testcases.StartShoppingPageTest"/>
  <testcase name="startShoppingPage" time="11.412" classname="testcases.StartShoppingPageTest"/>
</testsuite> <!-- testcases.StartShoppingPageTest -->
